<?xml version="1.0" encoding="UTF-8"?>
<testng-results ignored="0" total="1" passed="1" failed="0" skipped="0">
  <reporter-output>
  </reporter-output>
  <suite started-at="2022-12-10T16:10:50 IST" name="Default suite" finished-at="2022-12-10T16:11:04 IST" duration-ms="13865">
    <groups>
    </groups>
    <test started-at="2022-12-10T16:10:50 IST" name="Default test" finished-at="2022-12-10T16:11:04 IST" duration-ms="13865">
      <class name="vTiger.GenericUtilities.BaseClassPractice">
        <test-method is-config="true" signature="bsConfig()[pri:0, instance:vTiger.GenericUtilities.BaseClassPractice@595b007d]" started-at="2022-12-10T16:10:50 IST" name="bsConfig" finished-at="2022-12-10T16:10:50 IST" duration-ms="6" status="PASS">
          <reporter-output>
          </reporter-output>
        </test-method> <!-- bsConfig -->
        <test-method is-config="true" signature="bcCofig()[pri:0, instance:vTiger.GenericUtilities.BaseClassPractice@595b007d]" started-at="2022-12-10T16:10:50 IST" name="bcCofig" finished-at="2022-12-10T16:10:54 IST" duration-ms="3969" status="PASS">
          <reporter-output>
          </reporter-output>
        </test-method> <!-- bcCofig -->
        <test-method is-config="true" signature="bmConfig()[pri:0, instance:vTiger.GenericUtilities.BaseClassPractice@595b007d]" started-at="2022-12-10T16:10:54 IST" name="bmConfig" finished-at="2022-12-10T16:10:58 IST" duration-ms="4210" status="PASS">
          <reporter-output>
          </reporter-output>
        </test-method> <!-- bmConfig -->
        <test-method signature="test()[pri:0, instance:vTiger.GenericUtilities.BaseClassPractice@595b007d]" started-at="2022-12-10T16:10:58 IST" name="test" finished-at="2022-12-10T16:10:58 IST" duration-ms="18" status="PASS">
          <reporter-output>
          </reporter-output>
        </test-method> <!-- test -->
        <test-method is-config="true" signature="amConfig()[pri:0, instance:vTiger.GenericUtilities.BaseClassPractice@595b007d]" started-at="2022-12-10T16:10:58 IST" name="amConfig" finished-at="2022-12-10T16:11:03 IST" duration-ms="5356" status="PASS">
          <reporter-output>
          </reporter-output>
        </test-method> <!-- amConfig -->
        <test-method is-config="true" signature="acConfig()[pri:0, instance:vTiger.GenericUtilities.BaseClassPractice@595b007d]" started-at="2022-12-10T16:11:03 IST" name="acConfig" finished-at="2022-12-10T16:11:04 IST" duration-ms="272" status="PASS">
          <reporter-output>
          </reporter-output>
        </test-method> <!-- acConfig -->
        <test-method is-config="true" signature="asConfig()[pri:0, instance:vTiger.GenericUtilities.BaseClassPractice@595b007d]" started-at="2022-12-10T16:11:04 IST" name="asConfig" finished-at="2022-12-10T16:11:04 IST" duration-ms="1" status="PASS">
          <reporter-output>
          </reporter-output>
        </test-method> <!-- asConfig -->
      </class> <!-- vTiger.GenericUtilities.BaseClassPractice -->
    </test> <!-- Default test -->
  </suite> <!-- Default suite -->
</testng-results>
